<?xml version="1.0" encoding="UTF-8"?>
<testsuite name="Choose products from the store" tests="1" skipped="0" failures="0" errors="0" timestamp="2023-08-22T22:25:21" hostname="LAPTOP-NJSJS5NA" time="18.921">
  <properties/>
  <testcase name="Choose products" classname="Choose products from the store" time="18.921"/>
  <system-out><![CDATA[Espero hasta que elemento esté visible
]]></system-out>
  <system-err><![CDATA[[Test worker] WARN net.thucydides.core.steps.BaseStepListener - stepStarted: net.thucydides.core.steps.ExecutedStepDescription@2173ba8
[Test worker] WARN net.thucydides.core.steps.BaseStepListener - stepStarted: net.thucydides.core.steps.ExecutedStepDescription@5f3b3442
ago 22, 2023 5:25:22 PM org.openqa.selenium.remote.DesiredCapabilities chrome
INFORMACIÓN: Using `new ChromeOptions()` is preferred to `DesiredCapabilities.chrome()`
[Test worker] INFO net.serenitybdd.core.webdriver.driverproviders.ProvideNewDriver - Instantiating driver
[Test worker] INFO net.serenitybdd.core.webdriver.driverproviders.ProvideNewDriver - Driver capabilities: Capabilities {acceptInsecureCerts: false, browserName: chrome, chrome.switches: --lang=es,--incognito-disab..., goog:chromeOptions: {args: [--lang=es, --incognito-disable, --disable-popup-blocking, --disable-download-notifica..., --start-maximized, --test-type, --ignore-certificate-errors, --allow-running-insecure-co..., --disable-translate, --always-authorize-plugins, --disable-extensions], extensions: []}, loggingPrefs: org.openqa.selenium.logging..., platform: ANY, version: }
Starting ChromeDriver 116.0.5845.96 (1a391816688002153ef791ffe60d9e899a71a037-refs/branch-heads/5845@{#1382}) on port 42564
Only local connections are allowed.
Please see https://chromedriver.chromium.org/security-considerations for suggestions on keeping ChromeDriver safe.
ChromeDriver was started successfully.
ago 22, 2023 5:25:24 PM org.openqa.selenium.remote.ProtocolHandshake createSession
INFORMACIÓN: Detected dialect: W3C
[Test worker] WARN net.thucydides.core.steps.BaseStepListener - stepFinished: current outcome:Choose products:Given a user i want to enter the exit page [Carolina opens the Home page]
[Test worker] WARN net.thucydides.core.steps.BaseStepListener - stepFinished: current outcome:Choose products:Given a user i want to enter the exit page [Carolina opens the Home page]
[Test worker] WARN net.thucydides.core.steps.BaseStepListener - stepStarted: net.thucydides.core.steps.ExecutedStepDescription@633d0cf6
[Test worker] WARN net.thucydides.core.steps.BaseStepListener - stepStarted: net.thucydides.core.steps.ExecutedStepDescription@3477042a
[Test worker] WARN net.thucydides.core.steps.BaseStepListener - stepStarted: net.thucydides.core.steps.ExecutedStepDescription@54236afc
[Test worker] WARN net.thucydides.core.steps.BaseStepListener - stepFinished: current outcome:Choose products:Given a user i want to enter the exit page [Carolina opens the Home page], When user select different products [Select Choose Product [Carolina clicks on Select category menu]]
[Test worker] WARN net.thucydides.core.steps.BaseStepListener - stepStarted: net.thucydides.core.steps.ExecutedStepDescription@2d1f039d
[Test worker] WARN net.thucydides.core.steps.BaseStepListener - stepFinished: current outcome:Choose products:Given a user i want to enter the exit page [Carolina opens the Home page], When user select different products [Select Choose Product [Carolina clicks on Select category menu, Carolina clicks on Select Mercado]]
[Test worker] WARN net.thucydides.core.steps.BaseStepListener - stepStarted: net.thucydides.core.steps.ExecutedStepDescription@105ac4ea
[Test worker] WARN net.thucydides.core.steps.BaseStepListener - stepFinished: current outcome:Choose products:Given a user i want to enter the exit page [Carolina opens the Home page], When user select different products [Select Choose Product [Carolina clicks on Select category menu, Carolina clicks on Select Mercado, Carolina clicks on Select Frutas]]
[Test worker] WARN net.thucydides.core.steps.BaseStepListener - stepStarted: net.thucydides.core.steps.ExecutedStepDescription@233f4d19
[Test worker] WARN net.thucydides.core.steps.BaseStepListener - stepFinished: current outcome:Choose products:Given a user i want to enter the exit page [Carolina opens the Home page], When user select different products [Select Choose Product [Carolina clicks on Select category menu, Carolina clicks on Select Mercado, Carolina clicks on Select Frutas, Carolina clicks on CLOSED]]
[Test worker] WARN net.thucydides.core.steps.BaseStepListener - stepStarted: net.thucydides.core.steps.ExecutedStepDescription@71440aa0
[Test worker] WARN net.thucydides.core.steps.BaseStepListener - stepFinished: current outcome:Choose products:Given a user i want to enter the exit page [Carolina opens the Home page], When user select different products [Select Choose Product [Carolina clicks on Select category menu, Carolina clicks on Select Mercado, Carolina clicks on Select Frutas, Carolina clicks on CLOSED, Carolina select product]]
[Test worker] WARN net.thucydides.core.steps.BaseStepListener - stepFinished: current outcome:Choose products:Given a user i want to enter the exit page [Carolina opens the Home page], When user select different products [Select Choose Product [Carolina clicks on Select category menu, Carolina clicks on Select Mercado, Carolina clicks on Select Frutas, Carolina clicks on CLOSED, Carolina select product]]
[Test worker] WARN net.thucydides.core.steps.BaseStepListener - stepFinished: current outcome:Choose products:Given a user i want to enter the exit page [Carolina opens the Home page], When user select different products [Select Choose Product [Carolina clicks on Select category menu, Carolina clicks on Select Mercado, Carolina clicks on Select Frutas, Carolina clicks on CLOSED, Carolina select product]]
[Test worker] WARN net.thucydides.core.steps.BaseStepListener - stepStarted: net.thucydides.core.steps.ExecutedStepDescription@5da521a3
[Test worker] WARN net.thucydides.core.steps.BaseStepListener - stepStarted: net.thucydides.core.steps.ExecutedStepDescription@5442b9cd
[Test worker] WARN net.thucydides.core.steps.BaseStepListener - stepFinished: current outcome:Choose products:Given a user i want to enter the exit page [Carolina opens the Home page], When user select different products [Select Choose Product [Carolina clicks on Select category menu, Carolina clicks on Select Mercado, Carolina clicks on Select Frutas, Carolina clicks on CLOSED, Carolina select product]], Then user verify the product and their characteristics [Then product name]
[Test worker] WARN net.thucydides.core.steps.BaseStepListener - stepStarted: net.thucydides.core.steps.ExecutedStepDescription@286bcd39
[Test worker] WARN net.thucydides.core.steps.BaseStepListener - stepFinished: current outcome:Choose products:Given a user i want to enter the exit page [Carolina opens the Home page], When user select different products [Select Choose Product [Carolina clicks on Select category menu, Carolina clicks on Select Mercado, Carolina clicks on Select Frutas, Carolina clicks on CLOSED, Carolina select product]], Then user verify the product and their characteristics [Then product name, Then product price]
[Test worker] WARN net.thucydides.core.steps.BaseStepListener - stepFinished: current outcome:Choose products:Given a user i want to enter the exit page [Carolina opens the Home page], When user select different products [Select Choose Product [Carolina clicks on Select category menu, Carolina clicks on Select Mercado, Carolina clicks on Select Frutas, Carolina clicks on CLOSED, Carolina select product]], Then user verify the product and their characteristics [Then product name, Then product price]
[Test worker] WARN net.thucydides.core.steps.BaseStepListener - testFinished: Choose products:Given a user i want to enter the exit page [Carolina opens the Home page], When user select different products [Select Choose Product [Carolina clicks on Select category menu, Carolina clicks on Select Mercado, Carolina clicks on Select Frutas, Carolina clicks on CLOSED, Carolina select product]], Then user verify the product and their characteristics [Then product name, Then product price]
[Test worker] WARN net.thucydides.core.steps.BaseStepListener - TestOutcomes: [Choose products:Given a user i want to enter the exit page [Carolina opens the Home page], When user select different products [Select Choose Product [Carolina clicks on Select category menu, Carolina clicks on Select Mercado, Carolina clicks on Select Frutas, Carolina clicks on CLOSED, Carolina select product]], Then user verify the product and their characteristics [Then product name, Then product price]]
[Test worker] WARN net.thucydides.core.steps.BaseStepListener - Final testOutcomes: [Choose products:Given a user i want to enter the exit page [Carolina opens the Home page], When user select different products [Select Choose Product [Carolina clicks on Select category menu, Carolina clicks on Select Mercado, Carolina clicks on Select Frutas, Carolina clicks on CLOSED, Carolina select product]], Then user verify the product and their characteristics [Then product name, Then product price]]
[Test worker] INFO net.thucydides.core.steps.ConsoleLoggingListener - 
        __    _____ _____ ____ _____   ____   _    ____  ____  _____ ____  
  _     \ \  |_   _| ____/ ___|_   _| |  _ \ / \  / ___|/ ___|| ____|  _ \ 
 (_)_____| |   | | |  _| \___ \ | |   | |_) / _ \ \___ \\___ \|  _| | | | |
  _|_____| |   | | | |___ ___) || |   |  __/ ___ \ ___) |___) | |___| |_| |
 (_)     | |   |_| |_____|____/ |_|   |_| /_/   \_\____/|____/|_____|____/ 
        /_/                                                                

TEST PASSED: Choose products
----------------------------------------------------------------------------
]]></system-err>
</testsuite>
