<?xml version="1.0" encoding="UTF-8"?>
<testsuite name="Choose products from the store" tests="1" skipped="0" failures="0" errors="0" timestamp="2023-08-21T02:56:52" hostname="LAPTOP-NJSJS5NA" time="21.949">
  <properties/>
  <testcase name="Choose products" classname="Choose products from the store" time="21.949"/>
  <system-out><![CDATA[iniico sesión
inicie en el when
then
]]></system-out>
  <system-err><![CDATA[[Test worker] WARN net.thucydides.core.steps.BaseStepListener - stepStarted: net.thucydides.core.steps.ExecutedStepDescription@50b84b0c
[Test worker] WARN net.thucydides.core.steps.BaseStepListener - stepStarted: net.thucydides.core.steps.ExecutedStepDescription@35aa3d66
ago 20, 2023 9:56:52 PM org.openqa.selenium.remote.DesiredCapabilities chrome
INFORMACIÓN: Using `new ChromeOptions()` is preferred to `DesiredCapabilities.chrome()`
[Test worker] INFO net.serenitybdd.core.webdriver.driverproviders.ProvideNewDriver - Instantiating driver
[Test worker] INFO net.serenitybdd.core.webdriver.driverproviders.ProvideNewDriver - Driver capabilities: Capabilities {acceptInsecureCerts: false, browserName: chrome, chrome.switches: --lang=es,--disable-popup-b..., goog:chromeOptions: {args: [--lang=es, --disable-popup-blocking, --disable-download-notifica..., --start-maximized, --test-type, --ignore-certificate-errors, --allow-running-insecure-co..., --disable-translate, --always-authorize-plugins, --disable-extensions], extensions: []}, loggingPrefs: org.openqa.selenium.logging..., platform: ANY, version: }
Starting ChromeDriver 116.0.5845.96 (1a391816688002153ef791ffe60d9e899a71a037-refs/branch-heads/5845@{#1382}) on port 43686
Only local connections are allowed.
Please see https://chromedriver.chromium.org/security-considerations for suggestions on keeping ChromeDriver safe.
ChromeDriver was started successfully.
ago 20, 2023 9:56:55 PM org.openqa.selenium.remote.ProtocolHandshake createSession
INFORMACIÓN: Detected dialect: W3C
[Test worker] WARN net.thucydides.core.steps.BaseStepListener - stepFinished: current outcome:Choose products:Given a user i want to enter the exit page [Carolina opens the Home page]
[Test worker] WARN net.thucydides.core.steps.BaseStepListener - stepFinished: current outcome:Choose products:Given a user i want to enter the exit page [Carolina opens the Home page]
[Test worker] WARN net.thucydides.core.steps.BaseStepListener - stepStarted: net.thucydides.core.steps.ExecutedStepDescription@29179fde
[Test worker] WARN net.thucydides.core.steps.BaseStepListener - stepStarted: net.thucydides.core.steps.ExecutedStepDescription@28bf55a7
[Test worker] WARN net.thucydides.core.steps.BaseStepListener - stepStarted: net.thucydides.core.steps.ExecutedStepDescription@26f551f1
[Test worker] WARN net.thucydides.core.steps.BaseStepListener - stepFinished: current outcome:Choose products:Given a user i want to enter the exit page [Carolina opens the Home page], When user select different products [Select Category Product [Carolina clicks on Select category menú]]
[Test worker] WARN net.thucydides.core.steps.BaseStepListener - stepStarted: net.thucydides.core.steps.ExecutedStepDescription@50023d0f
[Test worker] WARN net.thucydides.core.steps.BaseStepListener - stepFinished: current outcome:Choose products:Given a user i want to enter the exit page [Carolina opens the Home page], When user select different products [Select Category Product [Carolina clicks on Select category menú, Carolina clicks on Mercado]]
[Test worker] WARN net.thucydides.core.steps.BaseStepListener - stepStarted: net.thucydides.core.steps.ExecutedStepDescription@296daca
[Test worker] WARN net.thucydides.core.steps.BaseStepListener - stepFinished: current outcome:Choose products:Given a user i want to enter the exit page [Carolina opens the Home page], When user select different products [Select Category Product [Carolina clicks on Select category menú, Carolina clicks on Mercado, Carolina clicks on frutas]]
[Test worker] WARN net.thucydides.core.steps.BaseStepListener - stepFinished: current outcome:Choose products:Given a user i want to enter the exit page [Carolina opens the Home page], When user select different products [Select Category Product [Carolina clicks on Select category menú, Carolina clicks on Mercado, Carolina clicks on frutas]]
[Test worker] WARN net.thucydides.core.steps.BaseStepListener - stepFinished: current outcome:Choose products:Given a user i want to enter the exit page [Carolina opens the Home page], When user select different products [Select Category Product [Carolina clicks on Select category menú, Carolina clicks on Mercado, Carolina clicks on frutas]]
[Test worker] WARN net.thucydides.core.steps.BaseStepListener - stepStarted: net.thucydides.core.steps.ExecutedStepDescription@34d7bca2
[Test worker] WARN net.thucydides.core.steps.BaseStepListener - stepFinished: current outcome:Choose products:Given a user i want to enter the exit page [Carolina opens the Home page], When user select different products [Select Category Product [Carolina clicks on Select category menú, Carolina clicks on Mercado, Carolina clicks on frutas]], Then user verify the product and their characteristics
[Test worker] WARN net.thucydides.core.steps.BaseStepListener - testFinished: Choose products:Given a user i want to enter the exit page [Carolina opens the Home page], When user select different products [Select Category Product [Carolina clicks on Select category menú, Carolina clicks on Mercado, Carolina clicks on frutas]], Then user verify the product and their characteristics
[Test worker] WARN net.thucydides.core.steps.BaseStepListener - TestOutcomes: [Choose products:Given a user i want to enter the exit page [Carolina opens the Home page], When user select different products [Select Category Product [Carolina clicks on Select category menú, Carolina clicks on Mercado, Carolina clicks on frutas]], Then user verify the product and their characteristics]
[Test worker] WARN net.thucydides.core.steps.BaseStepListener - Final testOutcomes: [Choose products:Given a user i want to enter the exit page [Carolina opens the Home page], When user select different products [Select Category Product [Carolina clicks on Select category menú, Carolina clicks on Mercado, Carolina clicks on frutas]], Then user verify the product and their characteristics]
[Test worker] INFO net.thucydides.core.steps.ConsoleLoggingListener - 
        __    _____ _____ ____ _____   ____   _    ____  ____  _____ ____  
  _     \ \  |_   _| ____/ ___|_   _| |  _ \ / \  / ___|/ ___|| ____|  _ \ 
 (_)_____| |   | | |  _| \___ \ | |   | |_) / _ \ \___ \\___ \|  _| | | | |
  _|_____| |   | | | |___ ___) || |   |  __/ ___ \ ___) |___) | |___| |_| |
 (_)     | |   |_| |_____|____/ |_|   |_| /_/   \_\____/|____/|_____|____/ 
        /_/                                                                

TEST PASSED: Choose products
----------------------------------------------------------------------------
]]></system-err>
</testsuite>
